D:\TEMP\MULTIBLEND-0.6.1\LIBS\TIFF-3.9.7\LIB\RELEASE\TIFF.LIB
D:\Temp\multiblend-0.6.1\libs\tiff-3.9.7\libtiff\..\lib\Release\tiff.lib
D:\Temp\multiblend-0.6.1\libs\tiff-3.9.7\libtiff\Release\cl.command.1.tlog
D:\Temp\multiblend-0.6.1\libs\tiff-3.9.7\libtiff\Release\CL.read.1.tlog
D:\Temp\multiblend-0.6.1\libs\tiff-3.9.7\libtiff\Release\CL.write.1.tlog
D:\Temp\multiblend-0.6.1\libs\tiff-3.9.7\libtiff\Release\lib.command.1.tlog
D:\Temp\multiblend-0.6.1\libs\tiff-3.9.7\libtiff\Release\Lib-link.read.1.tlog
D:\Temp\multiblend-0.6.1\libs\tiff-3.9.7\libtiff\Release\Lib-link.write.1.tlog
D:\TEMP\MULTIBLEND-0.6.1\LIBS\TIFF-3.9.7\LIBTIFF\RELEASE\TIF_AUX.OBJ
D:\TEMP\MULTIBLEND-0.6.1\LIBS\TIFF-3.9.7\LIBTIFF\RELEASE\TIF_CLOSE.OBJ
D:\TEMP\MULTIBLEND-0.6.1\LIBS\TIFF-3.9.7\LIBTIFF\RELEASE\TIF_CODEC.OBJ
D:\TEMP\MULTIBLEND-0.6.1\LIBS\TIFF-3.9.7\LIBTIFF\RELEASE\TIF_COLOR.OBJ
D:\TEMP\MULTIBLEND-0.6.1\LIBS\TIFF-3.9.7\LIBTIFF\RELEASE\TIF_COMPRESS.OBJ
D:\TEMP\MULTIBLEND-0.6.1\LIBS\TIFF-3.9.7\LIBTIFF\RELEASE\TIF_DIR.OBJ
D:\TEMP\MULTIBLEND-0.6.1\LIBS\TIFF-3.9.7\LIBTIFF\RELEASE\TIF_DIRINFO.OBJ
D:\TEMP\MULTIBLEND-0.6.1\LIBS\TIFF-3.9.7\LIBTIFF\RELEASE\TIF_DIRREAD.OBJ
D:\TEMP\MULTIBLEND-0.6.1\LIBS\TIFF-3.9.7\LIBTIFF\RELEASE\TIF_DIRWRITE.OBJ
D:\TEMP\MULTIBLEND-0.6.1\LIBS\TIFF-3.9.7\LIBTIFF\RELEASE\TIF_DUMPMODE.OBJ
D:\TEMP\MULTIBLEND-0.6.1\LIBS\TIFF-3.9.7\LIBTIFF\RELEASE\TIF_ERROR.OBJ
D:\TEMP\MULTIBLEND-0.6.1\LIBS\TIFF-3.9.7\LIBTIFF\RELEASE\TIF_EXTENSION.OBJ
D:\TEMP\MULTIBLEND-0.6.1\LIBS\TIFF-3.9.7\LIBTIFF\RELEASE\TIF_FAX3.OBJ
D:\TEMP\MULTIBLEND-0.6.1\LIBS\TIFF-3.9.7\LIBTIFF\RELEASE\TIF_FAX3SM.OBJ
D:\TEMP\MULTIBLEND-0.6.1\LIBS\TIFF-3.9.7\LIBTIFF\RELEASE\TIF_FLUSH.OBJ
D:\TEMP\MULTIBLEND-0.6.1\LIBS\TIFF-3.9.7\LIBTIFF\RELEASE\TIF_GETIMAGE.OBJ
D:\TEMP\MULTIBLEND-0.6.1\LIBS\TIFF-3.9.7\LIBTIFF\RELEASE\TIF_JBIG.OBJ
D:\TEMP\MULTIBLEND-0.6.1\LIBS\TIFF-3.9.7\LIBTIFF\RELEASE\TIF_JPEG.OBJ
D:\TEMP\MULTIBLEND-0.6.1\LIBS\TIFF-3.9.7\LIBTIFF\RELEASE\TIF_LUV.OBJ
D:\TEMP\MULTIBLEND-0.6.1\LIBS\TIFF-3.9.7\LIBTIFF\RELEASE\TIF_LZW.OBJ
D:\TEMP\MULTIBLEND-0.6.1\LIBS\TIFF-3.9.7\LIBTIFF\RELEASE\TIF_MSDOS.OBJ
D:\TEMP\MULTIBLEND-0.6.1\LIBS\TIFF-3.9.7\LIBTIFF\RELEASE\TIF_NEXT.OBJ
D:\TEMP\MULTIBLEND-0.6.1\LIBS\TIFF-3.9.7\LIBTIFF\RELEASE\TIF_OJPEG.OBJ
D:\TEMP\MULTIBLEND-0.6.1\LIBS\TIFF-3.9.7\LIBTIFF\RELEASE\TIF_OPEN.OBJ
D:\TEMP\MULTIBLEND-0.6.1\LIBS\TIFF-3.9.7\LIBTIFF\RELEASE\TIF_PACKBITS.OBJ
D:\TEMP\MULTIBLEND-0.6.1\LIBS\TIFF-3.9.7\LIBTIFF\RELEASE\TIF_PIXARLOG.OBJ
D:\TEMP\MULTIBLEND-0.6.1\LIBS\TIFF-3.9.7\LIBTIFF\RELEASE\TIF_PREDICT.OBJ
D:\TEMP\MULTIBLEND-0.6.1\LIBS\TIFF-3.9.7\LIBTIFF\RELEASE\TIF_PRINT.OBJ
D:\TEMP\MULTIBLEND-0.6.1\LIBS\TIFF-3.9.7\LIBTIFF\RELEASE\TIF_READ.OBJ
D:\TEMP\MULTIBLEND-0.6.1\LIBS\TIFF-3.9.7\LIBTIFF\RELEASE\TIF_STRIP.OBJ
D:\TEMP\MULTIBLEND-0.6.1\LIBS\TIFF-3.9.7\LIBTIFF\RELEASE\TIF_SWAB.OBJ
D:\TEMP\MULTIBLEND-0.6.1\LIBS\TIFF-3.9.7\LIBTIFF\RELEASE\TIF_THUNDER.OBJ
D:\TEMP\MULTIBLEND-0.6.1\LIBS\TIFF-3.9.7\LIBTIFF\RELEASE\TIF_TILE.OBJ
D:\TEMP\MULTIBLEND-0.6.1\LIBS\TIFF-3.9.7\LIBTIFF\RELEASE\TIF_UNIX.OBJ
D:\TEMP\MULTIBLEND-0.6.1\LIBS\TIFF-3.9.7\LIBTIFF\RELEASE\TIF_VERSION.OBJ
D:\TEMP\MULTIBLEND-0.6.1\LIBS\TIFF-3.9.7\LIBTIFF\RELEASE\TIF_WARNING.OBJ
D:\TEMP\MULTIBLEND-0.6.1\LIBS\TIFF-3.9.7\LIBTIFF\RELEASE\TIF_WIN32.OBJ
D:\TEMP\MULTIBLEND-0.6.1\LIBS\TIFF-3.9.7\LIBTIFF\RELEASE\TIF_WRITE.OBJ
D:\TEMP\MULTIBLEND-0.6.1\LIBS\TIFF-3.9.7\LIBTIFF\RELEASE\TIF_ZIP.OBJ
D:\Temp\multiblend-0.6.1\libs\tiff-3.9.7\libtiff\Release\tiff.vcxprojResolveAssemblyReference.cache
D:\Temp\multiblend-0.6.1\libs\tiff-3.9.7\libtiff\Release\tiff.write.1.tlog
D:\TEMP\MULTIBLEND-0.6.1\LIBS\TIFF-3.9.7\LIBTIFF\RELEASE\VC100.PDB
