D:\TEMP\MULTIBLEND-0.6.1\BIN\MOSAIC.EXE
D:\TEMP\MULTIBLEND-0.6.1\BIN\MOSAIC.PDB
D:\TEMP\MULTIBLEND-0.6.1\BUILD\RELEASE\BLENDING.OBJ
D:\Temp\multiblend-0.6.1\build\Release\cl.command.1.tlog
D:\Temp\multiblend-0.6.1\build\Release\CL.read.1.tlog
D:\Temp\multiblend-0.6.1\build\Release\CL.write.1.tlog
D:\TEMP\MULTIBLEND-0.6.1\BUILD\RELEASE\DEWHORL.OBJ
D:\TEMP\MULTIBLEND-0.6.1\BUILD\RELEASE\FUNCTIONS.OBJ
D:\TEMP\MULTIBLEND-0.6.1\BUILD\RELEASE\GEOTIFF.OBJ
D:\TEMP\MULTIBLEND-0.6.1\BUILD\RELEASE\GO.OBJ
D:\Temp\multiblend-0.6.1\build\Release\link.command.1.tlog
D:\Temp\multiblend-0.6.1\build\Release\link.read.1.tlog
D:\Temp\multiblend-0.6.1\build\Release\link.write.1.tlog
D:\TEMP\MULTIBLEND-0.6.1\BUILD\RELEASE\LOADIMAGES.OBJ
D:\TEMP\MULTIBLEND-0.6.1\BUILD\RELEASE\MASKPYRAMIDS.OBJ
D:\TEMP\MULTIBLEND-0.6.1\BUILD\RELEASE\MOSAIC.EXE.INTERMEDIATE.MANIFEST
D:\Temp\multiblend-0.6.1\build\Release\mt.command.1.tlog
D:\Temp\multiblend-0.6.1\build\Release\mt.read.1.tlog
D:\Temp\multiblend-0.6.1\build\Release\mt.write.1.tlog
D:\TEMP\MULTIBLEND-0.6.1\BUILD\RELEASE\MULTIBLEND.OBJ
D:\Temp\multiblend-0.6.1\build\Release\MultiBlend.write.1.tlog
D:\TEMP\MULTIBLEND-0.6.1\BUILD\RELEASE\PSEUDOWRAP.OBJ
D:\TEMP\MULTIBLEND-0.6.1\BUILD\RELEASE\SEAMING.OBJ
D:\TEMP\MULTIBLEND-0.6.1\BUILD\RELEASE\VC100.PDB
D:\TEMP\MULTIBLEND-0.6.1\BUILD\RELEASE\WRITE.OBJ
