D:\QUICKBLEND\UAVBLEND\MULTIBLEND\MULTIBLEND-0.6.1\LIBS\TIFF-3.9.7\LIB\DEBUG\TIFF.LIB
D:\QUICKBLEND\UAVBLEND\MULTIBLEND\MULTIBLEND-0.6.1\LIBS\TIFF-3.9.7\LIBTIFF\DEBUG\TIF_AUX.OBJ
D:\QUICKBLEND\UAVBLEND\MULTIBLEND\MULTIBLEND-0.6.1\LIBS\TIFF-3.9.7\LIBTIFF\DEBUG\TIF_CLOSE.OBJ
D:\QUICKBLEND\UAVBLEND\MULTIBLEND\MULTIBLEND-0.6.1\LIBS\TIFF-3.9.7\LIBTIFF\DEBUG\TIF_CODEC.OBJ
D:\QUICKBLEND\UAVBLEND\MULTIBLEND\MULTIBLEND-0.6.1\LIBS\TIFF-3.9.7\LIBTIFF\DEBUG\TIF_COLOR.OBJ
D:\QUICKBLEND\UAVBLEND\MULTIBLEND\MULTIBLEND-0.6.1\LIBS\TIFF-3.9.7\LIBTIFF\DEBUG\TIF_COMPRESS.OBJ
D:\QUICKBLEND\UAVBLEND\MULTIBLEND\MULTIBLEND-0.6.1\LIBS\TIFF-3.9.7\LIBTIFF\DEBUG\TIF_DIR.OBJ
D:\QUICKBLEND\UAVBLEND\MULTIBLEND\MULTIBLEND-0.6.1\LIBS\TIFF-3.9.7\LIBTIFF\DEBUG\TIF_DIRINFO.OBJ
D:\QUICKBLEND\UAVBLEND\MULTIBLEND\MULTIBLEND-0.6.1\LIBS\TIFF-3.9.7\LIBTIFF\DEBUG\TIF_DIRREAD.OBJ
D:\QUICKBLEND\UAVBLEND\MULTIBLEND\MULTIBLEND-0.6.1\LIBS\TIFF-3.9.7\LIBTIFF\DEBUG\TIF_DIRWRITE.OBJ
D:\QUICKBLEND\UAVBLEND\MULTIBLEND\MULTIBLEND-0.6.1\LIBS\TIFF-3.9.7\LIBTIFF\DEBUG\TIF_DUMPMODE.OBJ
D:\QUICKBLEND\UAVBLEND\MULTIBLEND\MULTIBLEND-0.6.1\LIBS\TIFF-3.9.7\LIBTIFF\DEBUG\TIF_ERROR.OBJ
D:\QUICKBLEND\UAVBLEND\MULTIBLEND\MULTIBLEND-0.6.1\LIBS\TIFF-3.9.7\LIBTIFF\DEBUG\TIF_EXTENSION.OBJ
D:\QUICKBLEND\UAVBLEND\MULTIBLEND\MULTIBLEND-0.6.1\LIBS\TIFF-3.9.7\LIBTIFF\DEBUG\TIF_FAX3.OBJ
D:\QUICKBLEND\UAVBLEND\MULTIBLEND\MULTIBLEND-0.6.1\LIBS\TIFF-3.9.7\LIBTIFF\DEBUG\TIF_FAX3SM.OBJ
D:\QUICKBLEND\UAVBLEND\MULTIBLEND\MULTIBLEND-0.6.1\LIBS\TIFF-3.9.7\LIBTIFF\DEBUG\TIF_FLUSH.OBJ
D:\QUICKBLEND\UAVBLEND\MULTIBLEND\MULTIBLEND-0.6.1\LIBS\TIFF-3.9.7\LIBTIFF\DEBUG\TIF_GETIMAGE.OBJ
D:\QUICKBLEND\UAVBLEND\MULTIBLEND\MULTIBLEND-0.6.1\LIBS\TIFF-3.9.7\LIBTIFF\DEBUG\TIF_JBIG.OBJ
D:\QUICKBLEND\UAVBLEND\MULTIBLEND\MULTIBLEND-0.6.1\LIBS\TIFF-3.9.7\LIBTIFF\DEBUG\TIF_JPEG.OBJ
D:\QUICKBLEND\UAVBLEND\MULTIBLEND\MULTIBLEND-0.6.1\LIBS\TIFF-3.9.7\LIBTIFF\DEBUG\TIF_LUV.OBJ
D:\QUICKBLEND\UAVBLEND\MULTIBLEND\MULTIBLEND-0.6.1\LIBS\TIFF-3.9.7\LIBTIFF\DEBUG\TIF_LZW.OBJ
D:\QUICKBLEND\UAVBLEND\MULTIBLEND\MULTIBLEND-0.6.1\LIBS\TIFF-3.9.7\LIBTIFF\DEBUG\TIF_MSDOS.OBJ
D:\QUICKBLEND\UAVBLEND\MULTIBLEND\MULTIBLEND-0.6.1\LIBS\TIFF-3.9.7\LIBTIFF\DEBUG\TIF_NEXT.OBJ
D:\QUICKBLEND\UAVBLEND\MULTIBLEND\MULTIBLEND-0.6.1\LIBS\TIFF-3.9.7\LIBTIFF\DEBUG\TIF_OJPEG.OBJ
D:\QUICKBLEND\UAVBLEND\MULTIBLEND\MULTIBLEND-0.6.1\LIBS\TIFF-3.9.7\LIBTIFF\DEBUG\TIF_OPEN.OBJ
D:\QUICKBLEND\UAVBLEND\MULTIBLEND\MULTIBLEND-0.6.1\LIBS\TIFF-3.9.7\LIBTIFF\DEBUG\TIF_PACKBITS.OBJ
D:\QUICKBLEND\UAVBLEND\MULTIBLEND\MULTIBLEND-0.6.1\LIBS\TIFF-3.9.7\LIBTIFF\DEBUG\TIF_PIXARLOG.OBJ
D:\QUICKBLEND\UAVBLEND\MULTIBLEND\MULTIBLEND-0.6.1\LIBS\TIFF-3.9.7\LIBTIFF\DEBUG\TIF_PREDICT.OBJ
D:\QUICKBLEND\UAVBLEND\MULTIBLEND\MULTIBLEND-0.6.1\LIBS\TIFF-3.9.7\LIBTIFF\DEBUG\TIF_PRINT.OBJ
D:\QUICKBLEND\UAVBLEND\MULTIBLEND\MULTIBLEND-0.6.1\LIBS\TIFF-3.9.7\LIBTIFF\DEBUG\TIF_READ.OBJ
D:\QUICKBLEND\UAVBLEND\MULTIBLEND\MULTIBLEND-0.6.1\LIBS\TIFF-3.9.7\LIBTIFF\DEBUG\TIF_STRIP.OBJ
D:\QUICKBLEND\UAVBLEND\MULTIBLEND\MULTIBLEND-0.6.1\LIBS\TIFF-3.9.7\LIBTIFF\DEBUG\TIF_SWAB.OBJ
D:\QUICKBLEND\UAVBLEND\MULTIBLEND\MULTIBLEND-0.6.1\LIBS\TIFF-3.9.7\LIBTIFF\DEBUG\TIF_THUNDER.OBJ
D:\QUICKBLEND\UAVBLEND\MULTIBLEND\MULTIBLEND-0.6.1\LIBS\TIFF-3.9.7\LIBTIFF\DEBUG\TIF_TILE.OBJ
D:\QUICKBLEND\UAVBLEND\MULTIBLEND\MULTIBLEND-0.6.1\LIBS\TIFF-3.9.7\LIBTIFF\DEBUG\TIF_UNIX.OBJ
D:\QUICKBLEND\UAVBLEND\MULTIBLEND\MULTIBLEND-0.6.1\LIBS\TIFF-3.9.7\LIBTIFF\DEBUG\TIF_VERSION.OBJ
D:\QUICKBLEND\UAVBLEND\MULTIBLEND\MULTIBLEND-0.6.1\LIBS\TIFF-3.9.7\LIBTIFF\DEBUG\TIF_WARNING.OBJ
D:\QUICKBLEND\UAVBLEND\MULTIBLEND\MULTIBLEND-0.6.1\LIBS\TIFF-3.9.7\LIBTIFF\DEBUG\TIF_WIN32.OBJ
D:\QUICKBLEND\UAVBLEND\MULTIBLEND\MULTIBLEND-0.6.1\LIBS\TIFF-3.9.7\LIBTIFF\DEBUG\TIF_WRITE.OBJ
D:\QUICKBLEND\UAVBLEND\MULTIBLEND\MULTIBLEND-0.6.1\LIBS\TIFF-3.9.7\LIBTIFF\DEBUG\TIF_ZIP.OBJ
D:\QUICKBLEND\UAVBLEND\MULTIBLEND\MULTIBLEND-0.6.1\LIBS\TIFF-3.9.7\LIBTIFF\DEBUG\VC100.PDB
D:\Temp\multiblend-0.6.1\libs\tiff-3.9.7\libtiff\..\lib\Debug\tiff.lib
D:\Temp\multiblend-0.6.1\libs\tiff-3.9.7\libtiff\Debug\cl.command.1.tlog
D:\Temp\multiblend-0.6.1\libs\tiff-3.9.7\libtiff\Debug\CL.read.1.tlog
D:\Temp\multiblend-0.6.1\libs\tiff-3.9.7\libtiff\Debug\CL.write.1.tlog
D:\Temp\multiblend-0.6.1\libs\tiff-3.9.7\libtiff\Debug\lib.command.1.tlog
D:\Temp\multiblend-0.6.1\libs\tiff-3.9.7\libtiff\Debug\Lib-link.read.1.tlog
D:\Temp\multiblend-0.6.1\libs\tiff-3.9.7\libtiff\Debug\Lib-link.write.1.tlog
D:\Temp\multiblend-0.6.1\libs\tiff-3.9.7\libtiff\Debug\tiff.write.1.tlog
